# JRE version: OpenJDK Runtime Environment (8.0_202) (build 1.8.0_202-release-1483-b49-5587405)
# Java VM: OpenJDK 64-Bit Server VM (25.202-b49-5587405 mixed mode linux-amd64 compressed oops)
Heap:
 PSYoungGen      total 107520K, used 9196K [0x00000000e0000000, 0x00000000e7200000, 0x0000000100000000)
  eden space 98304K, 0% used [0x00000000e0000000,0x00000000e0000000,0x00000000e6000000)
  from space 9216K, 99% used [0x00000000e6000000,0x00000000e68fb238,0x00000000e6900000)
  to   space 9216K, 0% used [0x00000000e6900000,0x00000000e6900000,0x00000000e7200000)
 ParOldGen       total 36864K, used 13792K [0x00000000a0000000, 0x00000000a2400000, 0x00000000e0000000)
  object space 36864K, 37% used [0x00000000a0000000,0x00000000a0d78230,0x00000000a2400000)
 Metaspace       used 27956K, capacity 28348K, committed 28672K, reserved 1073152K
  class space    used 3888K, capacity 4049K, committed 4096K, reserved 1048576K
GC Heap History (10 events):
Event: 4.553 GC heap after
Heap after GC invocations=3 (full 0):
 PSYoungGen      total 26112K, used 1520K [0x00000000e0000000, 0x00000000e3300000, 0x0000000100000000)
  eden space 24576K, 0% used [0x00000000e0000000,0x00000000e0000000,0x00000000e1800000)
  from space 1536K, 98% used [0x00000000e1800000,0x00000000e197c030,0x00000000e1980000)
  to   space 1536K, 0% used [0x00000000e3180000,0x00000000e3180000,0x00000000e3300000)
 ParOldGen       total 31744K, used 4039K [0x00000000a0000000, 0x00000000a1f00000, 0x00000000e0000000)
  object space 31744K, 12% used [0x00000000a0000000,0x00000000a03f1d80,0x00000000a1f00000)
 Metaspace       used 9027K, capacity 9252K, committed 9600K, reserved 1056768K
  class space    used 1185K, capacity 1294K, committed 1408K, reserved 1048576K
}
Event: 5.884 GC heap before
{Heap before GC invocations=4 (full 0):
 PSYoungGen      total 26112K, used 26096K [0x00000000e0000000, 0x00000000e3300000, 0x0000000100000000)
  eden space 24576K, 100% used [0x00000000e0000000,0x00000000e1800000,0x00000000e1800000)
  from space 1536K, 98% used [0x00000000e1800000,0x00000000e197c030,0x00000000e1980000)
  to   space 1536K, 0% used [0x00000000e3180000,0x00000000e3180000,0x00000000e3300000)
 ParOldGen       total 31744K, used 4039K [0x00000000a0000000, 0x00000000a1f00000, 0x00000000e0000000)
  object space 31744K, 12% used [0x00000000a0000000,0x00000000a03f1d80,0x00000000a1f00000)
 Metaspace       used 12554K, capacity 12942K, committed 13184K, reserved 1060864K
  class space    used 1738K, capacity 1833K, committed 1920K, reserved 1048576K
Event: 5.906 GC heap after
Heap after GC invocations=4 (full 0):
 PSYoungGen      total 50688K, used 1520K [0x00000000e0000000, 0x00000000e3300000, 0x0000000100000000)
  eden space 49152K, 0% used [0x00000000e0000000,0x00000000e0000000,0x00000000e3000000)
  from space 1536K, 98% used [0x00000000e3180000,0x00000000e32fc040,0x00000000e3300000)
  to   space 1536K, 0% used [0x00000000e3000000,0x00000000e3000000,0x00000000e3180000)
 ParOldGen       total 31744K, used 7264K [0x00000000a0000000, 0x00000000a1f00000, 0x00000000e0000000)
  object space 31744K, 22% used [0x00000000a0000000,0x00000000a07182a8,0x00000000a1f00000)
 Metaspace       used 12554K, capacity 12942K, committed 13184K, reserved 1060864K
  class space    used 1738K, capacity 1833K, committed 1920K, reserved 1048576K
}
Event: 10.500 GC heap before
{Heap before GC invocations=5 (full 0):
 PSYoungGen      total 50688K, used 50672K [0x00000000e0000000, 0x00000000e3300000, 0x0000000100000000)
  eden space 49152K, 100% used [0x00000000e0000000,0x00000000e3000000,0x00000000e3000000)
  from space 1536K, 98% used [0x00000000e3180000,0x00000000e32fc040,0x00000000e3300000)
  to   space 1536K, 0% used [0x00000000e3000000,0x00000000e3000000,0x00000000e3180000)
 ParOldGen       total 31744K, used 7264K [0x00000000a0000000, 0x00000000a1f00000, 0x00000000e0000000)
  object space 31744K, 22% used [0x00000000a0000000,0x00000000a07182a8,0x00000000a1f00000)
 Metaspace       used 20148K, capacity 20520K, committed 20864K, reserved 1067008K
  class space    used 2783K, capacity 2940K, committed 2944K, reserved 1048576K
Event: 10.536 GC heap after
Heap after GC invocations=5 (full 0):
 PSYoungGen      total 50688K, used 1504K [0x00000000e0000000, 0x00000000e7200000, 0x0000000100000000)
  eden space 49152K, 0% used [0x00000000e0000000,0x00000000e0000000,0x00000000e3000000)
  from space 1536K, 97% used [0x00000000e3000000,0x00000000e3178010,0x00000000e3180000)
  to   space 9216K, 0% used [0x00000000e6900000,0x00000000e6900000,0x00000000e7200000)
 ParOldGen       total 31744K, used 15004K [0x00000000a0000000, 0x00000000a1f00000, 0x00000000e0000000)
  object space 31744K, 47% used [0x00000000a0000000,0x00000000a0ea7028,0x00000000a1f00000)
 Metaspace       used 20148K, capacity 20520K, committed 20864K, reserved 1067008K
  class space    used 2783K, capacity 2940K, committed 2944K, reserved 1048576K
}
Event: 10.775 GC heap before
{Heap before GC invocations=6 (full 0):
 PSYoungGen      total 50688K, used 5295K [0x00000000e0000000, 0x00000000e7200000, 0x0000000100000000)
  eden space 49152K, 7% used [0x00000000e0000000,0x00000000e03b3e68,0x00000000e3000000)
  from space 1536K, 97% used [0x00000000e3000000,0x00000000e3178010,0x00000000e3180000)
  to   space 9216K, 0% used [0x00000000e6900000,0x00000000e6900000,0x00000000e7200000)
 ParOldGen       total 31744K, used 15004K [0x00000000a0000000, 0x00000000a1f00000, 0x00000000e0000000)
  object space 31744K, 47% used [0x00000000a0000000,0x00000000a0ea7028,0x00000000a1f00000)
 Metaspace       used 20614K, capacity 21032K, committed 21248K, reserved 1067008K
  class space    used 2852K, capacity 3004K, committed 3072K, reserved 1048576K
Event: 10.802 GC heap after
Heap after GC invocations=6 (full 0):
 PSYoungGen      total 107520K, used 2099K [0x00000000e0000000, 0x00000000e7200000, 0x0000000100000000)
  eden space 98304K, 0% used [0x00000000e0000000,0x00000000e0000000,0x00000000e6000000)
  from space 9216K, 22% used [0x00000000e6900000,0x00000000e6b0ce50,0x00000000e7200000)
  to   space 9216K, 0% used [0x00000000e6000000,0x00000000e6000000,0x00000000e6900000)
 ParOldGen       total 31744K, used 15012K [0x00000000a0000000, 0x00000000a1f00000, 0x00000000e0000000)
  object space 31744K, 47% used [0x00000000a0000000,0x00000000a0ea9028,0x00000000a1f00000)
 Metaspace       used 20614K, capacity 21032K, committed 21248K, reserved 1067008K
  class space    used 2852K, capacity 3004K, committed 3072K, reserved 1048576K
}
Event: 10.802 GC heap before
{Heap before GC invocations=7 (full 1):
 PSYoungGen      total 107520K, used 2099K [0x00000000e0000000, 0x00000000e7200000, 0x0000000100000000)
  eden space 98304K, 0% used [0x00000000e0000000,0x00000000e0000000,0x00000000e6000000)
  from space 9216K, 22% used [0x00000000e6900000,0x00000000e6b0ce50,0x00000000e7200000)
  to   space 9216K, 0% used [0x00000000e6000000,0x00000000e6000000,0x00000000e6900000)
 ParOldGen       total 31744K, used 15012K [0x00000000a0000000, 0x00000000a1f00000, 0x00000000e0000000)
  object space 31744K, 47% used [0x00000000a0000000,0x00000000a0ea9028,0x00000000a1f00000)
 Metaspace       used 20614K, capacity 21032K, committed 21248K, reserved 1067008K
  class space    used 2852K, capacity 3004K, committed 3072K, reserved 1048576K
Event: 10.946 GC heap after
Heap after GC invocations=7 (full 1):
 PSYoungGen      total 107520K, used 0K [0x00000000e0000000, 0x00000000e7200000, 0x0000000100000000)
  eden space 98304K, 0% used [0x00000000e0000000,0x00000000e0000000,0x00000000e6000000)
  from space 9216K, 0% used [0x00000000e6900000,0x00000000e6900000,0x00000000e7200000)
  to   space 9216K, 0% used [0x00000000e6000000,0x00000000e6000000,0x00000000e6900000)
 ParOldGen       total 36864K, used 13491K [0x00000000a0000000, 0x00000000a2400000, 0x00000000e0000000)
  object space 36864K, 36% used [0x00000000a0000000,0x00000000a0d2ccb8,0x00000000a2400000)
 Metaspace       used 20614K, capacity 21032K, committed 21248K, reserved 1067008K
  class space    used 2852K, capacity 3004K, committed 3072K, reserved 1048576K
}
Event: 15.862 GC heap before
{Heap before GC invocations=8 (full 1):
 PSYoungGen      total 107520K, used 98304K [0x00000000e0000000, 0x00000000e7200000, 0x0000000100000000)
  eden space 98304K, 100% used [0x00000000e0000000,0x00000000e6000000,0x00000000e6000000)
  from space 9216K, 0% used [0x00000000e6900000,0x00000000e6900000,0x00000000e7200000)
  to   space 9216K, 0% used [0x00000000e6000000,0x00000000e6000000,0x00000000e6900000)
 ParOldGen       total 36864K, used 13491K [0x00000000a0000000, 0x00000000a2400000, 0x00000000e0000000)
  object space 36864K, 36% used [0x00000000a0000000,0x00000000a0d2ccb8,0x00000000a2400000)
 Metaspace       used 27956K, capacity 28348K, committed 28672K, reserved 1073152K
  class space    used 3888K, capacity 4049K, committed 4096K, reserved 1048576K

