# JRE version: OpenJDK Runtime Environment (8.0_202) (build 1.8.0_202-release-1483-b49-5587405)
# Java VM: OpenJDK 64-Bit Server VM (25.202-b49-5587405 mixed mode linux-amd64 compressed oops)
Heap:
 PSYoungGen      total 226816K, used 20981K [0x00000000e0000000, 0x00000000f2800000, 0x0000000100000000)
  eden space 205824K, 0% used [0x00000000e0000000,0x00000000e0000000,0x00000000ec900000)
  from space 20992K, 99% used [0x00000000f1380000,0x00000000f27fd448,0x00000000f2800000)
  to   space 21504K, 0% used [0x00000000ec900000,0x00000000ec900000,0x00000000ede00000)
 ParOldGen       total 105472K, used 104320K [0x00000000a0000000, 0x00000000a6700000, 0x00000000e0000000)
  object space 105472K, 98% used [0x00000000a0000000,0x00000000a65e01a0,0x00000000a6700000)
 Metaspace       used 54079K, capacity 55900K, committed 56152K, reserved 1097728K
  class space    used 7347K, capacity 7806K, committed 7808K, reserved 1048576K
GC Heap History (10 events):
Event: 17.372 GC heap after
Heap after GC invocations=10 (full 2):
 PSYoungGen      total 173568K, used 0K [0x00000000e0000000, 0x00000000eb880000, 0x0000000100000000)
  eden space 162304K, 0% used [0x00000000e0000000,0x00000000e0000000,0x00000000e9e80000)
  from space 11264K, 0% used [0x00000000ead80000,0x00000000ead80000,0x00000000eb880000)
  to   space 12800K, 0% used [0x00000000e9f80000,0x00000000e9f80000,0x00000000eac00000)
 ParOldGen       total 47616K, used 17048K [0x00000000a0000000, 0x00000000a2e80000, 0x00000000e0000000)
  object space 47616K, 35% used [0x00000000a0000000,0x00000000a10a6398,0x00000000a2e80000)
 Metaspace       used 34654K, capacity 35232K, committed 35416K, reserved 1079296K
  class space    used 4750K, capacity 4966K, committed 4992K, reserved 1048576K
}
Event: 23.610 GC heap before
{Heap before GC invocations=11 (full 2):
 PSYoungGen      total 173568K, used 162304K [0x00000000e0000000, 0x00000000eb880000, 0x0000000100000000)
  eden space 162304K, 100% used [0x00000000e0000000,0x00000000e9e80000,0x00000000e9e80000)
  from space 11264K, 0% used [0x00000000ead80000,0x00000000ead80000,0x00000000eb880000)
  to   space 12800K, 0% used [0x00000000e9f80000,0x00000000e9f80000,0x00000000eac00000)
 ParOldGen       total 47616K, used 17048K [0x00000000a0000000, 0x00000000a2e80000, 0x00000000e0000000)
  object space 47616K, 35% used [0x00000000a0000000,0x00000000a10a6398,0x00000000a2e80000)
 Metaspace       used 45242K, capacity 46200K, committed 46424K, reserved 1089536K
  class space    used 6132K, capacity 6446K, committed 6528K, reserved 1048576K
Event: 23.664 GC heap after
Heap after GC invocations=11 (full 2):
 PSYoungGen      total 176128K, used 12791K [0x00000000e0000000, 0x00000000eed80000, 0x0000000100000000)
  eden space 163328K, 0% used [0x00000000e0000000,0x00000000e0000000,0x00000000e9f80000)
  from space 12800K, 99% used [0x00000000e9f80000,0x00000000eabfddd8,0x00000000eac00000)
  to   space 15872K, 0% used [0x00000000ede00000,0x00000000ede00000,0x00000000eed80000)
 ParOldGen       total 47616K, used 18949K [0x00000000a0000000, 0x00000000a2e80000, 0x00000000e0000000)
  object space 47616K, 39% used [0x00000000a0000000,0x00000000a1281488,0x00000000a2e80000)
 Metaspace       used 45242K, capacity 46200K, committed 46424K, reserved 1089536K
  class space    used 6132K, capacity 6446K, committed 6528K, reserved 1048576K
}
Event: 30.342 GC heap before
{Heap before GC invocations=12 (full 2):
 PSYoungGen      total 176128K, used 176119K [0x00000000e0000000, 0x00000000eed80000, 0x0000000100000000)
  eden space 163328K, 100% used [0x00000000e0000000,0x00000000e9f80000,0x00000000e9f80000)
  from space 12800K, 99% used [0x00000000e9f80000,0x00000000eabfddd8,0x00000000eac00000)
  to   space 15872K, 0% used [0x00000000ede00000,0x00000000ede00000,0x00000000eed80000)
 ParOldGen       total 47616K, used 18949K [0x00000000a0000000, 0x00000000a2e80000, 0x00000000e0000000)
  object space 47616K, 39% used [0x00000000a0000000,0x00000000a1281488,0x00000000a2e80000)
 Metaspace       used 51841K, capacity 53390K, committed 53592K, reserved 1095680K
  class space    used 7083K, capacity 7461K, committed 7552K, reserved 1048576K
Event: 30.430 GC heap after
Heap after GC invocations=12 (full 2):
 PSYoungGen      total 221696K, used 15853K [0x00000000e0000000, 0x00000000ef700000, 0x0000000100000000)
  eden space 205824K, 0% used [0x00000000e0000000,0x00000000e0000000,0x00000000ec900000)
  from space 15872K, 99% used [0x00000000ede00000,0x00000000eed7b770,0x00000000eed80000)
  to   space 21504K, 0% used [0x00000000ec900000,0x00000000ec900000,0x00000000ede00000)
 ParOldGen       total 47616K, used 26615K [0x00000000a0000000, 0x00000000a2e80000, 0x00000000e0000000)
  object space 47616K, 55% used [0x00000000a0000000,0x00000000a19fdcf8,0x00000000a2e80000)
 Metaspace       used 51841K, capacity 53390K, committed 53592K, reserved 1095680K
  class space    used 7083K, capacity 7461K, committed 7552K, reserved 1048576K
}
Event: 38.790 GC heap before
{Heap before GC invocations=13 (full 2):
 PSYoungGen      total 221696K, used 220240K [0x00000000e0000000, 0x00000000ef700000, 0x0000000100000000)
  eden space 205824K, 99% used [0x00000000e0000000,0x00000000ec798be0,0x00000000ec900000)
  from space 15872K, 99% used [0x00000000ede00000,0x00000000eed7b770,0x00000000eed80000)
  to   space 21504K, 0% used [0x00000000ec900000,0x00000000ec900000,0x00000000ede00000)
 ParOldGen       total 47616K, used 26615K [0x00000000a0000000, 0x00000000a2e80000, 0x00000000e0000000)
  object space 47616K, 55% used [0x00000000a0000000,0x00000000a19fdcf8,0x00000000a2e80000)
 Metaspace       used 53894K, capacity 55628K, committed 55896K, reserved 1097728K
  class space    used 7329K, capacity 7794K, committed 7808K, reserved 1048576K
Event: 38.871 GC heap after
Heap after GC invocations=13 (full 2):
 PSYoungGen      total 227328K, used 11207K [0x00000000e0000000, 0x00000000f2800000, 0x0000000100000000)
  eden space 205824K, 0% used [0x00000000e0000000,0x00000000e0000000,0x00000000ec900000)
  from space 21504K, 52% used [0x00000000ec900000,0x00000000ed3f1c58,0x00000000ede00000)
  to   space 20992K, 0% used [0x00000000f1380000,0x00000000f1380000,0x00000000f2800000)
 ParOldGen       total 47616K, used 42326K [0x00000000a0000000, 0x00000000a2e80000, 0x00000000e0000000)
  object space 47616K, 88% used [0x00000000a0000000,0x00000000a29558d0,0x00000000a2e80000)
 Metaspace       used 53894K, capacity 55628K, committed 55896K, reserved 1097728K
  class space    used 7329K, capacity 7794K, committed 7808K, reserved 1048576K
}
Event: 38.871 GC heap before
{Heap before GC invocations=14 (full 3):
 PSYoungGen      total 227328K, used 11207K [0x00000000e0000000, 0x00000000f2800000, 0x0000000100000000)
  eden space 205824K, 0% used [0x00000000e0000000,0x00000000e0000000,0x00000000ec900000)
  from space 21504K, 52% used [0x00000000ec900000,0x00000000ed3f1c58,0x00000000ede00000)
  to   space 20992K, 0% used [0x00000000f1380000,0x00000000f1380000,0x00000000f2800000)
 ParOldGen       total 47616K, used 42326K [0x00000000a0000000, 0x00000000a2e80000, 0x00000000e0000000)
  object space 47616K, 88% used [0x00000000a0000000,0x00000000a29558d0,0x00000000a2e80000)
 Metaspace       used 53894K, capacity 55628K, committed 55896K, reserved 1097728K
  class space    used 7329K, capacity 7794K, committed 7808K, reserved 1048576K
Event: 39.367 GC heap after
Heap after GC invocations=14 (full 3):
 PSYoungGen      total 227328K, used 0K [0x00000000e0000000, 0x00000000f2800000, 0x0000000100000000)
  eden space 205824K, 0% used [0x00000000e0000000,0x00000000e0000000,0x00000000ec900000)
  from space 21504K, 0% used [0x00000000ec900000,0x00000000ec900000,0x00000000ede00000)
  to   space 20992K, 0% used [0x00000000f1380000,0x00000000f1380000,0x00000000f2800000)
 ParOldGen       total 86016K, used 41794K [0x00000000a0000000, 0x00000000a5400000, 0x00000000e0000000)
  object space 86016K, 48% used [0x00000000a0000000,0x00000000a28d0b00,0x00000000a5400000)
 Metaspace       used 53894K, capacity 55628K, committed 55896K, reserved 1097728K
  class space    used 7329K, capacity 7794K, committed 7808K, reserved 1048576K
}
Event: 40.953 GC heap before
{Heap before GC invocations=15 (full 3):
 PSYoungGen      total 227328K, used 204147K [0x00000000e0000000, 0x00000000f2800000, 0x0000000100000000)
  eden space 205824K, 99% used [0x00000000e0000000,0x00000000ec75cd28,0x00000000ec900000)
  from space 21504K, 0% used [0x00000000ec900000,0x00000000ec900000,0x00000000ede00000)
  to   space 20992K, 0% used [0x00000000f1380000,0x00000000f1380000,0x00000000f2800000)
 ParOldGen       total 86016K, used 41794K [0x00000000a0000000, 0x00000000a5400000, 0x00000000e0000000)
  object space 86016K, 48% used [0x00000000a0000000,0x00000000a28d0b00,0x00000000a5400000)
 Metaspace       used 54079K, capacity 55900K, committed 56152K, reserved 1097728K
  class space    used 7347K, capacity 7806K, committed 7808K, reserved 1048576K

