# JRE version: OpenJDK Runtime Environment (8.0_202) (build 1.8.0_202-release-1483-b49-5587405)
# Java VM: OpenJDK 64-Bit Server VM (25.202-b49-5587405 mixed mode linux-amd64 compressed oops)
Heap:
 PSYoungGen      total 102912K, used 7957K [0x00000000e0000000, 0x00000000e7180000, 0x0000000100000000)
  eden space 93696K, 0% used [0x00000000e0000000,0x00000000e0000000,0x00000000e5b80000)
  from space 9216K, 86% used [0x00000000e6880000,0x00000000e7045520,0x00000000e7180000)
  to   space 7680K, 0% used [0x00000000e5b80000,0x00000000e5b80000,0x00000000e6300000)
 ParOldGen       total 32768K, used 14546K [0x00000000a0000000, 0x00000000a2000000, 0x00000000e0000000)
  object space 32768K, 44% used [0x00000000a0000000,0x00000000a0e34930,0x00000000a2000000)
 Metaspace       used 34603K, capacity 35232K, committed 35416K, reserved 1079296K
  class space    used 4744K, capacity 4966K, committed 4992K, reserved 1048576K
GC Heap History (10 events):
Event: 7.046 GC heap after
Heap after GC invocations=6 (full 0):
 PSYoungGen      total 52736K, used 4598K [0x00000000e0000000, 0x00000000e3b00000, 0x0000000100000000)
  eden space 48128K, 0% used [0x00000000e0000000,0x00000000e0000000,0x00000000e2f00000)
  from space 4608K, 99% used [0x00000000e3480000,0x00000000e38fdad0,0x00000000e3900000)
  to   space 5632K, 0% used [0x00000000e2f00000,0x00000000e2f00000,0x00000000e3480000)
 ParOldGen       total 31744K, used 8006K [0x00000000a0000000, 0x00000000a1f00000, 0x00000000e0000000)
  object space 31744K, 25% used [0x00000000a0000000,0x00000000a07d1800,0x00000000a1f00000)
 Metaspace       used 15574K, capacity 15950K, committed 16256K, reserved 1062912K
  class space    used 2218K, capacity 2345K, committed 2432K, reserved 1048576K
}
Event: 9.951 GC heap before
{Heap before GC invocations=7 (full 0):
 PSYoungGen      total 52736K, used 32525K [0x00000000e0000000, 0x00000000e3b00000, 0x0000000100000000)
  eden space 48128K, 58% used [0x00000000e0000000,0x00000000e1b459c0,0x00000000e2f00000)
  from space 4608K, 99% used [0x00000000e3480000,0x00000000e38fdad0,0x00000000e3900000)
  to   space 5632K, 0% used [0x00000000e2f00000,0x00000000e2f00000,0x00000000e3480000)
 ParOldGen       total 31744K, used 8006K [0x00000000a0000000, 0x00000000a1f00000, 0x00000000e0000000)
  object space 31744K, 25% used [0x00000000a0000000,0x00000000a07d1800,0x00000000a1f00000)
 Metaspace       used 20616K, capacity 21064K, committed 21248K, reserved 1067008K
  class space    used 2859K, capacity 3036K, committed 3072K, reserved 1048576K
Event: 9.987 GC heap after
Heap after GC invocations=7 (full 0):
 PSYoungGen      total 53760K, used 5607K [0x00000000e0000000, 0x00000000e6c00000, 0x0000000100000000)
  eden space 48128K, 0% used [0x00000000e0000000,0x00000000e0000000,0x00000000e2f00000)
  from space 5632K, 99% used [0x00000000e2f00000,0x00000000e3479dd0,0x00000000e3480000)
  to   space 7168K, 0% used [0x00000000e6500000,0x00000000e6500000,0x00000000e6c00000)
 ParOldGen       total 31744K, used 9407K [0x00000000a0000000, 0x00000000a1f00000, 0x00000000e0000000)
  object space 31744K, 29% used [0x00000000a0000000,0x00000000a092fcd8,0x00000000a1f00000)
 Metaspace       used 20616K, capacity 21064K, committed 21248K, reserved 1067008K
  class space    used 2859K, capacity 3036K, committed 3072K, reserved 1048576K
}
Event: 9.987 GC heap before
{Heap before GC invocations=8 (full 1):
 PSYoungGen      total 53760K, used 5607K [0x00000000e0000000, 0x00000000e6c00000, 0x0000000100000000)
  eden space 48128K, 0% used [0x00000000e0000000,0x00000000e0000000,0x00000000e2f00000)
  from space 5632K, 99% used [0x00000000e2f00000,0x00000000e3479dd0,0x00000000e3480000)
  to   space 7168K, 0% used [0x00000000e6500000,0x00000000e6500000,0x00000000e6c00000)
 ParOldGen       total 31744K, used 9407K [0x00000000a0000000, 0x00000000a1f00000, 0x00000000e0000000)
  object space 31744K, 29% used [0x00000000a0000000,0x00000000a092fcd8,0x00000000a1f00000)
 Metaspace       used 20616K, capacity 21064K, committed 21248K, reserved 1067008K
  class space    used 2859K, capacity 3036K, committed 3072K, reserved 1048576K
Event: 10.153 GC heap after
Heap after GC invocations=8 (full 1):
 PSYoungGen      total 53760K, used 0K [0x00000000e0000000, 0x00000000e6c00000, 0x0000000100000000)
  eden space 48128K, 0% used [0x00000000e0000000,0x00000000e0000000,0x00000000e2f00000)
  from space 5632K, 0% used [0x00000000e2f00000,0x00000000e2f00000,0x00000000e3480000)
  to   space 7168K, 0% used [0x00000000e6500000,0x00000000e6500000,0x00000000e6c00000)
 ParOldGen       total 32768K, used 11736K [0x00000000a0000000, 0x00000000a2000000, 0x00000000e0000000)
  object space 32768K, 35% used [0x00000000a0000000,0x00000000a0b76200,0x00000000a2000000)
 Metaspace       used 20616K, capacity 21064K, committed 21248K, reserved 1067008K
  class space    used 2859K, capacity 3036K, committed 3072K, reserved 1048576K
}
Event: 13.626 GC heap before
{Heap before GC invocations=9 (full 1):
 PSYoungGen      total 53760K, used 48128K [0x00000000e0000000, 0x00000000e6c00000, 0x0000000100000000)
  eden space 48128K, 100% used [0x00000000e0000000,0x00000000e2f00000,0x00000000e2f00000)
  from space 5632K, 0% used [0x00000000e2f00000,0x00000000e2f00000,0x00000000e3480000)
  to   space 7168K, 0% used [0x00000000e6500000,0x00000000e6500000,0x00000000e6c00000)
 ParOldGen       total 32768K, used 11736K [0x00000000a0000000, 0x00000000a2000000, 0x00000000e0000000)
  object space 32768K, 35% used [0x00000000a0000000,0x00000000a0b76200,0x00000000a2000000)
 Metaspace       used 25292K, capacity 25782K, committed 26240K, reserved 1071104K
  class space    used 3431K, capacity 3599K, committed 3712K, reserved 1048576K
Event: 13.663 GC heap after
Heap after GC invocations=9 (full 1):
 PSYoungGen      total 79360K, used 5296K [0x00000000e0000000, 0x00000000e6a80000, 0x0000000100000000)
  eden space 73728K, 0% used [0x00000000e0000000,0x00000000e0000000,0x00000000e4800000)
  from space 5632K, 94% used [0x00000000e6500000,0x00000000e6a2c140,0x00000000e6a80000)
  to   space 7680K, 0% used [0x00000000e5b80000,0x00000000e5b80000,0x00000000e6300000)
 ParOldGen       total 32768K, used 11736K [0x00000000a0000000, 0x00000000a2000000, 0x00000000e0000000)
  object space 32768K, 35% used [0x00000000a0000000,0x00000000a0b76200,0x00000000a2000000)
 Metaspace       used 25292K, capacity 25782K, committed 26240K, reserved 1071104K
  class space    used 3431K, capacity 3599K, committed 3712K, reserved 1048576K
}
Event: 18.393 GC heap before
{Heap before GC invocations=10 (full 1):
 PSYoungGen      total 79360K, used 79024K [0x00000000e0000000, 0x00000000e6a80000, 0x0000000100000000)
  eden space 73728K, 100% used [0x00000000e0000000,0x00000000e4800000,0x00000000e4800000)
  from space 5632K, 94% used [0x00000000e6500000,0x00000000e6a2c140,0x00000000e6a80000)
  to   space 7680K, 0% used [0x00000000e5b80000,0x00000000e5b80000,0x00000000e6300000)
 ParOldGen       total 32768K, used 11736K [0x00000000a0000000, 0x00000000a2000000, 0x00000000e0000000)
  object space 32768K, 35% used [0x00000000a0000000,0x00000000a0b76200,0x00000000a2000000)
 Metaspace       used 29068K, capacity 29520K, committed 29824K, reserved 1075200K
  class space    used 4055K, capacity 4223K, committed 4224K, reserved 1048576K
Event: 18.496 GC heap after
Heap after GC invocations=10 (full 1):
 PSYoungGen      total 101376K, used 7673K [0x00000000e0000000, 0x00000000e7180000, 0x0000000100000000)
  eden space 93696K, 0% used [0x00000000e0000000,0x00000000e0000000,0x00000000e5b80000)
  from space 7680K, 99% used [0x00000000e5b80000,0x00000000e62fe6f0,0x00000000e6300000)
  to   space 9216K, 0% used [0x00000000e6880000,0x00000000e6880000,0x00000000e7180000)
 ParOldGen       total 32768K, used 12718K [0x00000000a0000000, 0x00000000a2000000, 0x00000000e0000000)
  object space 32768K, 38% used [0x00000000a0000000,0x00000000a0c6b8e0,0x00000000a2000000)
 Metaspace       used 29068K, capacity 29520K, committed 29824K, reserved 1075200K
  class space    used 4055K, capacity 4223K, committed 4224K, reserved 1048576K
}
Event: 29.484 GC heap before
{Heap before GC invocations=11 (full 1):
 PSYoungGen      total 101376K, used 40961K [0x00000000e0000000, 0x00000000e7180000, 0x0000000100000000)
  eden space 93696K, 35% used [0x00000000e0000000,0x00000000e2081d10,0x00000000e5b80000)
  from space 7680K, 99% used [0x00000000e5b80000,0x00000000e62fe6f0,0x00000000e6300000)
  to   space 9216K, 0% used [0x00000000e6880000,0x00000000e6880000,0x00000000e7180000)
 ParOldGen       total 32768K, used 12718K [0x00000000a0000000, 0x00000000a2000000, 0x00000000e0000000)
  object space 32768K, 38% used [0x00000000a0000000,0x00000000a0c6b8e0,0x00000000a2000000)
 Metaspace       used 34603K, capacity 35232K, committed 35416K, reserved 1079296K
  class space    used 4744K, capacity 4966K, committed 4992K, reserved 1048576K

