# JRE version: OpenJDK Runtime Environment (8.0_202) (build 1.8.0_202-release-1483-b49-5587405)
# Java VM: OpenJDK 64-Bit Server VM (25.202-b49-5587405 mixed mode linux-amd64 compressed oops)
Heap:
 PSYoungGen      total 253952K, used 32255K [0x00000000e0000000, 0x00000000f1800000, 0x0000000100000000)
  eden space 221696K, 0% used [0x00000000e0000000,0x00000000e0000000,0x00000000ed880000)
  from space 32256K, 99% used [0x00000000ed880000,0x00000000ef7ffe90,0x00000000ef800000)
  to   space 29184K, 0% used [0x00000000ef800000,0x00000000ef800000,0x00000000f1480000)
 ParOldGen       total 98304K, used 67922K [0x00000000a0000000, 0x00000000a6000000, 0x00000000e0000000)
  object space 98304K, 69% used [0x00000000a0000000,0x00000000a4254b98,0x00000000a6000000)
 Metaspace       used 66208K, capacity 68254K, committed 68312K, reserved 1107968K
  class space    used 8654K, capacity 9174K, committed 9216K, reserved 1048576K
GC Heap History (10 events):
Event: 31.806 GC heap after
Heap after GC invocations=15 (full 2):
 PSYoungGen      total 157184K, used 11754K [0x00000000e0000000, 0x00000000ed380000, 0x0000000100000000)
  eden space 145408K, 0% used [0x00000000e0000000,0x00000000e0000000,0x00000000e8e00000)
  from space 11776K, 99% used [0x00000000e8e00000,0x00000000e997a980,0x00000000e9980000)
  to   space 14336K, 0% used [0x00000000ec580000,0x00000000ec580000,0x00000000ed380000)
 ParOldGen       total 43008K, used 28423K [0x00000000a0000000, 0x00000000a2a00000, 0x00000000e0000000)
  object space 43008K, 66% used [0x00000000a0000000,0x00000000a1bc1cb8,0x00000000a2a00000)
 Metaspace       used 52077K, capacity 53654K, committed 53848K, reserved 1095680K
  class space    used 7079K, capacity 7464K, committed 7552K, reserved 1048576K
}
Event: 37.006 GC heap before
{Heap before GC invocations=16 (full 2):
 PSYoungGen      total 157184K, used 156351K [0x00000000e0000000, 0x00000000ed380000, 0x0000000100000000)
  eden space 145408K, 99% used [0x00000000e0000000,0x00000000e8d35528,0x00000000e8e00000)
  from space 11776K, 99% used [0x00000000e8e00000,0x00000000e997a980,0x00000000e9980000)
  to   space 14336K, 0% used [0x00000000ec580000,0x00000000ec580000,0x00000000ed380000)
 ParOldGen       total 43008K, used 28423K [0x00000000a0000000, 0x00000000a2a00000, 0x00000000e0000000)
  object space 43008K, 66% used [0x00000000a0000000,0x00000000a1bc1cb8,0x00000000a2a00000)
 Metaspace       used 54239K, capacity 55814K, committed 55896K, reserved 1097728K
  class space    used 7314K, capacity 7742K, committed 7808K, reserved 1048576K
Event: 37.153 GC heap after
Heap after GC invocations=16 (full 2):
 PSYoungGen      total 190976K, used 14325K [0x00000000e0000000, 0x00000000eed80000, 0x0000000100000000)
  eden space 176640K, 0% used [0x00000000e0000000,0x00000000e0000000,0x00000000eac80000)
  from space 14336K, 99% used [0x00000000ec580000,0x00000000ed37d430,0x00000000ed380000)
  to   space 25600K, 0% used [0x00000000eac80000,0x00000000eac80000,0x00000000ec580000)
 ParOldGen       total 52736K, used 52505K [0x00000000a0000000, 0x00000000a3380000, 0x00000000e0000000)
  object space 52736K, 99% used [0x00000000a0000000,0x00000000a3346648,0x00000000a3380000)
 Metaspace       used 54239K, capacity 55814K, committed 55896K, reserved 1097728K
  class space    used 7314K, capacity 7742K, committed 7808K, reserved 1048576K
}
Event: 37.153 GC heap before
{Heap before GC invocations=17 (full 3):
 PSYoungGen      total 190976K, used 14325K [0x00000000e0000000, 0x00000000eed80000, 0x0000000100000000)
  eden space 176640K, 0% used [0x00000000e0000000,0x00000000e0000000,0x00000000eac80000)
  from space 14336K, 99% used [0x00000000ec580000,0x00000000ed37d430,0x00000000ed380000)
  to   space 25600K, 0% used [0x00000000eac80000,0x00000000eac80000,0x00000000ec580000)
 ParOldGen       total 52736K, used 52505K [0x00000000a0000000, 0x00000000a3380000, 0x00000000e0000000)
  object space 52736K, 99% used [0x00000000a0000000,0x00000000a3346648,0x00000000a3380000)
 Metaspace       used 54239K, capacity 55814K, committed 55896K, reserved 1097728K
  class space    used 7314K, capacity 7742K, committed 7808K, reserved 1048576K
Event: 37.888 GC heap after
Heap after GC invocations=17 (full 3):
 PSYoungGen      total 190976K, used 9132K [0x00000000e0000000, 0x00000000eed80000, 0x0000000100000000)
  eden space 176640K, 0% used [0x00000000e0000000,0x00000000e0000000,0x00000000eac80000)
  from space 14336K, 63% used [0x00000000ec580000,0x00000000ece6b140,0x00000000ed380000)
  to   space 25600K, 0% used [0x00000000eac80000,0x00000000eac80000,0x00000000ec580000)
 ParOldGen       total 98304K, used 52432K [0x00000000a0000000, 0x00000000a6000000, 0x00000000e0000000)
  object space 98304K, 53% used [0x00000000a0000000,0x00000000a3334360,0x00000000a6000000)
 Metaspace       used 54239K, capacity 55814K, committed 55896K, reserved 1097728K
  class space    used 7314K, capacity 7742K, committed 7808K, reserved 1048576K
}
Event: 46.335 GC heap before
{Heap before GC invocations=18 (full 3):
 PSYoungGen      total 190976K, used 185772K [0x00000000e0000000, 0x00000000eed80000, 0x0000000100000000)
  eden space 176640K, 100% used [0x00000000e0000000,0x00000000eac80000,0x00000000eac80000)
  from space 14336K, 63% used [0x00000000ec580000,0x00000000ece6b140,0x00000000ed380000)
  to   space 25600K, 0% used [0x00000000eac80000,0x00000000eac80000,0x00000000ec580000)
 ParOldGen       total 98304K, used 52432K [0x00000000a0000000, 0x00000000a6000000, 0x00000000e0000000)
  object space 98304K, 53% used [0x00000000a0000000,0x00000000a3334360,0x00000000a6000000)
 Metaspace       used 59076K, capacity 60830K, committed 61144K, reserved 1101824K
  class space    used 7932K, capacity 8364K, committed 8448K, reserved 1048576K
Event: 46.520 GC heap after
Heap after GC invocations=18 (full 3):
 PSYoungGen      total 202240K, used 23456K [0x00000000e0000000, 0x00000000f1480000, 0x0000000100000000)
  eden space 176640K, 0% used [0x00000000e0000000,0x00000000e0000000,0x00000000eac80000)
  from space 25600K, 91% used [0x00000000eac80000,0x00000000ec368178,0x00000000ec580000)
  to   space 29184K, 0% used [0x00000000ef800000,0x00000000ef800000,0x00000000f1480000)
 ParOldGen       total 98304K, used 60816K [0x00000000a0000000, 0x00000000a6000000, 0x00000000e0000000)
  object space 98304K, 61% used [0x00000000a0000000,0x00000000a3b64370,0x00000000a6000000)
 Metaspace       used 59076K, capacity 60830K, committed 61144K, reserved 1101824K
  class space    used 7932K, capacity 8364K, committed 8448K, reserved 1048576K
}
Event: 54.423 GC heap before
{Heap before GC invocations=19 (full 3):
 PSYoungGen      total 202240K, used 200096K [0x00000000e0000000, 0x00000000f1480000, 0x0000000100000000)
  eden space 176640K, 100% used [0x00000000e0000000,0x00000000eac80000,0x00000000eac80000)
  from space 25600K, 91% used [0x00000000eac80000,0x00000000ec368178,0x00000000ec580000)
  to   space 29184K, 0% used [0x00000000ef800000,0x00000000ef800000,0x00000000f1480000)
 ParOldGen       total 98304K, used 60816K [0x00000000a0000000, 0x00000000a6000000, 0x00000000e0000000)
  object space 98304K, 61% used [0x00000000a0000000,0x00000000a3b64370,0x00000000a6000000)
 Metaspace       used 63559K, capacity 65396K, committed 65624K, reserved 1105920K
  class space    used 8333K, capacity 8807K, committed 8832K, reserved 1048576K
Event: 54.516 GC heap after
Heap after GC invocations=19 (full 3):
 PSYoungGen      total 250880K, used 24717K [0x00000000e0000000, 0x00000000f1800000, 0x0000000100000000)
  eden space 221696K, 0% used [0x00000000e0000000,0x00000000e0000000,0x00000000ed880000)
  from space 29184K, 84% used [0x00000000ef800000,0x00000000f1023568,0x00000000f1480000)
  to   space 32256K, 0% used [0x00000000ed880000,0x00000000ed880000,0x00000000ef800000)
 ParOldGen       total 98304K, used 61096K [0x00000000a0000000, 0x00000000a6000000, 0x00000000e0000000)
  object space 98304K, 62% used [0x00000000a0000000,0x00000000a3baa388,0x00000000a6000000)
 Metaspace       used 63559K, capacity 65396K, committed 65624K, reserved 1105920K
  class space    used 8333K, capacity 8807K, committed 8832K, reserved 1048576K
}
Event: 60.492 GC heap before
{Heap before GC invocations=20 (full 3):
 PSYoungGen      total 250880K, used 244156K [0x00000000e0000000, 0x00000000f1800000, 0x0000000100000000)
  eden space 221696K, 98% used [0x00000000e0000000,0x00000000ed64bc60,0x00000000ed880000)
  from space 29184K, 84% used [0x00000000ef800000,0x00000000f1023568,0x00000000f1480000)
  to   space 32256K, 0% used [0x00000000ed880000,0x00000000ed880000,0x00000000ef800000)
 ParOldGen       total 98304K, used 61096K [0x00000000a0000000, 0x00000000a6000000, 0x00000000e0000000)
  object space 98304K, 62% used [0x00000000a0000000,0x00000000a3baa388,0x00000000a6000000)
 Metaspace       used 66208K, capacity 68254K, committed 68312K, reserved 1107968K
  class space    used 8654K, capacity 9174K, committed 9216K, reserved 1048576K

