# JRE version: OpenJDK Runtime Environment (8.0_202) (build 1.8.0_202-release-1483-b49-5587405)
# Java VM: OpenJDK 64-Bit Server VM (25.202-b49-5587405 mixed mode linux-amd64 compressed oops)
Heap:
 PSYoungGen      total 399360K, used 0K [0x00000000e0000000, 0x00000000ffa00000, 0x0000000100000000)
  eden space 290816K, 0% used [0x00000000e0000000,0x00000000e0000000,0x00000000f1c00000)
  from space 108544K, 0% used [0x00000000f9000000,0x00000000f9000000,0x00000000ffa00000)
  to   space 113664K, 0% used [0x00000000f1c00000,0x00000000f1c00000,0x00000000f8b00000)
 ParOldGen       total 153088K, used 106854K [0x00000000a0000000, 0x00000000a9580000, 0x00000000e0000000)
  object space 153088K, 69% used [0x00000000a0000000,0x00000000a6859aa0,0x00000000a9580000)
 Metaspace       used 69511K, capacity 71630K, committed 71768K, reserved 1112064K
  class space    used 9010K, capacity 9527K, committed 9600K, reserved 1048576K
GC Heap History (10 events):
Event: 124.385 GC heap after
Heap after GC invocations=28 (full 5):
 PSYoungGen      total 416768K, used 34302K [0x00000000e0000000, 0x0000000100000000, 0x0000000100000000)
  eden space 309248K, 0% used [0x00000000e0000000,0x00000000e0000000,0x00000000f2e00000)
  from space 107520K, 31% used [0x00000000f2e00000,0x00000000f4f7fa28,0x00000000f9700000)
  to   space 100864K, 0% used [0x00000000f9d80000,0x00000000f9d80000,0x0000000100000000)
 ParOldGen       total 144896K, used 111063K [0x00000000a0000000, 0x00000000a8d80000, 0x00000000e0000000)
  object space 144896K, 76% used [0x00000000a0000000,0x00000000a6c75d78,0x00000000a8d80000)
 Metaspace       used 68590K, capacity 70594K, committed 70872K, reserved 1110016K
  class space    used 8883K, capacity 9355K, committed 9472K, reserved 1048576K
}
Event: 124.385 GC heap before
{Heap before GC invocations=29 (full 6):
 PSYoungGen      total 416768K, used 34302K [0x00000000e0000000, 0x0000000100000000, 0x0000000100000000)
  eden space 309248K, 0% used [0x00000000e0000000,0x00000000e0000000,0x00000000f2e00000)
  from space 107520K, 31% used [0x00000000f2e00000,0x00000000f4f7fa28,0x00000000f9700000)
  to   space 100864K, 0% used [0x00000000f9d80000,0x00000000f9d80000,0x0000000100000000)
 ParOldGen       total 144896K, used 111063K [0x00000000a0000000, 0x00000000a8d80000, 0x00000000e0000000)
  object space 144896K, 76% used [0x00000000a0000000,0x00000000a6c75d78,0x00000000a8d80000)
 Metaspace       used 68590K, capacity 70594K, committed 70872K, reserved 1110016K
  class space    used 8883K, capacity 9355K, committed 9472K, reserved 1048576K
Event: 124.810 GC heap after
Heap after GC invocations=29 (full 6):
 PSYoungGen      total 416768K, used 0K [0x00000000e0000000, 0x0000000100000000, 0x0000000100000000)
  eden space 309248K, 0% used [0x00000000e0000000,0x00000000e0000000,0x00000000f2e00000)
  from space 107520K, 0% used [0x00000000f2e00000,0x00000000f2e00000,0x00000000f9700000)
  to   space 100864K, 0% used [0x00000000f9d80000,0x00000000f9d80000,0x0000000100000000)
 ParOldGen       total 153088K, used 62748K [0x00000000a0000000, 0x00000000a9580000, 0x00000000e0000000)
  object space 153088K, 40% used [0x00000000a0000000,0x00000000a3d47320,0x00000000a9580000)
 Metaspace       used 68590K, capacity 70594K, committed 70872K, reserved 1110016K
  class space    used 8883K, capacity 9355K, committed 9472K, reserved 1048576K
}
Event: 129.268 GC heap before
{Heap before GC invocations=30 (full 6):
 PSYoungGen      total 416768K, used 308555K [0x00000000e0000000, 0x0000000100000000, 0x0000000100000000)
  eden space 309248K, 99% used [0x00000000e0000000,0x00000000f2d52e90,0x00000000f2e00000)
  from space 107520K, 0% used [0x00000000f2e00000,0x00000000f2e00000,0x00000000f9700000)
  to   space 100864K, 0% used [0x00000000f9d80000,0x00000000f9d80000,0x0000000100000000)
 ParOldGen       total 153088K, used 62748K [0x00000000a0000000, 0x00000000a9580000, 0x00000000e0000000)
  object space 153088K, 40% used [0x00000000a0000000,0x00000000a3d47320,0x00000000a9580000)
 Metaspace       used 69304K, capacity 71398K, committed 71640K, reserved 1112064K
  class space    used 8980K, capacity 9453K, committed 9472K, reserved 1048576K
Event: 129.371 GC heap after
Heap after GC invocations=30 (full 6):
 PSYoungGen      total 387584K, used 99684K [0x00000000e0000000, 0x0000000100000000, 0x0000000100000000)
  eden space 286720K, 0% used [0x00000000e0000000,0x00000000e0000000,0x00000000f1800000)
  from space 100864K, 98% used [0x00000000f9d80000,0x00000000ffed9210,0x0000000100000000)
  to   space 118784K, 0% used [0x00000000f1800000,0x00000000f1800000,0x00000000f8c00000)
 ParOldGen       total 153088K, used 62756K [0x00000000a0000000, 0x00000000a9580000, 0x00000000e0000000)
  object space 153088K, 40% used [0x00000000a0000000,0x00000000a3d49320,0x00000000a9580000)
 Metaspace       used 69304K, capacity 71398K, committed 71640K, reserved 1112064K
  class space    used 8980K, capacity 9453K, committed 9472K, reserved 1048576K
}
Event: 130.433 GC heap before
{Heap before GC invocations=31 (full 6):
 PSYoungGen      total 387584K, used 385418K [0x00000000e0000000, 0x0000000100000000, 0x0000000100000000)
  eden space 286720K, 99% used [0x00000000e0000000,0x00000000f1709780,0x00000000f1800000)
  from space 100864K, 98% used [0x00000000f9d80000,0x00000000ffed9210,0x0000000100000000)
  to   space 118784K, 0% used [0x00000000f1800000,0x00000000f1800000,0x00000000f8c00000)
 ParOldGen       total 153088K, used 62756K [0x00000000a0000000, 0x00000000a9580000, 0x00000000e0000000)
  object space 153088K, 40% used [0x00000000a0000000,0x00000000a3d49320,0x00000000a9580000)
 Metaspace       used 69505K, capacity 71630K, committed 71768K, reserved 1112064K
  class space    used 9010K, capacity 9527K, committed 9600K, reserved 1048576K
Event: 130.491 GC heap after
Heap after GC invocations=31 (full 6):
 PSYoungGen      total 405504K, used 49668K [0x00000000e0000000, 0x0000000100000000, 0x0000000100000000)
  eden space 286720K, 0% used [0x00000000e0000000,0x00000000e0000000,0x00000000f1800000)
  from space 118784K, 41% used [0x00000000f1800000,0x00000000f4881318,0x00000000f8c00000)
  to   space 114688K, 0% used [0x00000000f9000000,0x00000000f9000000,0x0000000100000000)
 ParOldGen       total 153088K, used 62764K [0x00000000a0000000, 0x00000000a9580000, 0x00000000e0000000)
  object space 153088K, 40% used [0x00000000a0000000,0x00000000a3d4b320,0x00000000a9580000)
 Metaspace       used 69505K, capacity 71630K, committed 71768K, reserved 1112064K
  class space    used 9010K, capacity 9527K, committed 9600K, reserved 1048576K
}
Event: 130.643 GC heap before
{Heap before GC invocations=32 (full 6):
 PSYoungGen      total 405504K, used 335624K [0x00000000e0000000, 0x0000000100000000, 0x0000000100000000)
  eden space 286720K, 99% used [0x00000000e0000000,0x00000000f1740ee0,0x00000000f1800000)
  from space 118784K, 41% used [0x00000000f1800000,0x00000000f4881318,0x00000000f8c00000)
  to   space 114688K, 0% used [0x00000000f9000000,0x00000000f9000000,0x0000000100000000)
 ParOldGen       total 153088K, used 62764K [0x00000000a0000000, 0x00000000a9580000, 0x00000000e0000000)
  object space 153088K, 40% used [0x00000000a0000000,0x00000000a3d4b320,0x00000000a9580000)
 Metaspace       used 69511K, capacity 71630K, committed 71768K, reserved 1112064K
  class space    used 9010K, capacity 9527K, committed 9600K, reserved 1048576K
Event: 130.697 GC heap after
Heap after GC invocations=32 (full 6):
 PSYoungGen      total 399360K, used 3299K [0x00000000e0000000, 0x00000000ffa00000, 0x0000000100000000)
  eden space 290816K, 0% used [0x00000000e0000000,0x00000000e0000000,0x00000000f1c00000)
  from space 108544K, 3% used [0x00000000f9000000,0x00000000f9338fb8,0x00000000ffa00000)
  to   space 113664K, 0% used [0x00000000f1c00000,0x00000000f1c00000,0x00000000f8b00000)
 ParOldGen       total 153088K, used 104566K [0x00000000a0000000, 0x00000000a9580000, 0x00000000e0000000)
  object space 153088K, 68% used [0x00000000a0000000,0x00000000a661da50,0x00000000a9580000)
 Metaspace       used 69511K, capacity 71630K, committed 71768K, reserved 1112064K
  class space    used 9010K, capacity 9527K, committed 9600K, reserved 1048576K
}
Event: 130.697 GC heap before
{Heap before GC invocations=33 (full 7):
 PSYoungGen      total 399360K, used 3299K [0x00000000e0000000, 0x00000000ffa00000, 0x0000000100000000)
  eden space 290816K, 0% used [0x00000000e0000000,0x00000000e0000000,0x00000000f1c00000)
  from space 108544K, 3% used [0x00000000f9000000,0x00000000f9338fb8,0x00000000ffa00000)
  to   space 113664K, 0% used [0x00000000f1c00000,0x00000000f1c00000,0x00000000f8b00000)
 ParOldGen       total 153088K, used 104566K [0x00000000a0000000, 0x00000000a9580000, 0x00000000e0000000)
  object space 153088K, 68% used [0x00000000a0000000,0x00000000a661da50,0x00000000a9580000)
 Metaspace       used 69511K, capacity 71630K, committed 71768K, reserved 1112064K
  class space    used 9010K, capacity 9527K, committed 9600K, reserved 1048576K

