# JRE version: OpenJDK Runtime Environment (8.0_202) (build 1.8.0_202-release-1483-b49-5587405)
# Java VM: OpenJDK 64-Bit Server VM (25.202-b49-5587405 mixed mode linux-amd64 compressed oops)
Heap:
 PSYoungGen      total 360448K, used 22003K [0x00000000e0000000, 0x00000000f7f00000, 0x0000000100000000)
  eden space 328704K, 0% used [0x00000000e0000000,0x00000000e0000000,0x00000000f4100000)
  from space 31744K, 69% used [0x00000000f4100000,0x00000000f567cfe8,0x00000000f6000000)
  to   space 20992K, 0% used [0x00000000f6a80000,0x00000000f6a80000,0x00000000f7f00000)
 ParOldGen       total 131584K, used 77308K [0x00000000a0000000, 0x00000000a8080000, 0x00000000e0000000)
  object space 131584K, 58% used [0x00000000a0000000,0x00000000a4b7f260,0x00000000a8080000)
 Metaspace       used 71739K, capacity 74372K, committed 74456K, reserved 1114112K
  class space    used 9153K, capacity 9700K, committed 9728K, reserved 1048576K
GC Heap History (10 events):
Event: 46.969 GC heap after
Heap after GC invocations=14 (full 3):
 PSYoungGen      total 244224K, used 0K [0x00000000e0000000, 0x00000000f4800000, 0x0000000100000000)
  eden space 222720K, 0% used [0x00000000e0000000,0x00000000e0000000,0x00000000ed980000)
  from space 21504K, 0% used [0x00000000ed980000,0x00000000ed980000,0x00000000eee80000)
  to   space 20480K, 0% used [0x00000000f3400000,0x00000000f3400000,0x00000000f4800000)
 ParOldGen       total 76800K, used 37749K [0x00000000a0000000, 0x00000000a4b00000, 0x00000000e0000000)
  object space 76800K, 49% used [0x00000000a0000000,0x00000000a24dd590,0x00000000a4b00000)
 Metaspace       used 54509K, capacity 56110K, committed 56408K, reserved 1097728K
  class space    used 7335K, capacity 7751K, committed 7808K, reserved 1048576K
}
Event: 57.826 GC heap before
{Heap before GC invocations=15 (full 3):
 PSYoungGen      total 244224K, used 222720K [0x00000000e0000000, 0x00000000f4800000, 0x0000000100000000)
  eden space 222720K, 100% used [0x00000000e0000000,0x00000000ed980000,0x00000000ed980000)
  from space 21504K, 0% used [0x00000000ed980000,0x00000000ed980000,0x00000000eee80000)
  to   space 20480K, 0% used [0x00000000f3400000,0x00000000f3400000,0x00000000f4800000)
 ParOldGen       total 76800K, used 37749K [0x00000000a0000000, 0x00000000a4b00000, 0x00000000e0000000)
  object space 76800K, 49% used [0x00000000a0000000,0x00000000a24dd590,0x00000000a4b00000)
 Metaspace       used 60563K, capacity 62288K, committed 62552K, reserved 1103872K
  class space    used 8038K, capacity 8490K, committed 8576K, reserved 1048576K
Event: 57.986 GC heap after
Heap after GC invocations=15 (full 3):
 PSYoungGen      total 304128K, used 20448K [0x00000000e0000000, 0x00000000f5c80000, 0x0000000100000000)
  eden space 283648K, 0% used [0x00000000e0000000,0x00000000e0000000,0x00000000f1500000)
  from space 20480K, 99% used [0x00000000f3400000,0x00000000f47f80e0,0x00000000f4800000)
  to   space 31744K, 0% used [0x00000000f1500000,0x00000000f1500000,0x00000000f3400000)
 ParOldGen       total 76800K, used 58988K [0x00000000a0000000, 0x00000000a4b00000, 0x00000000e0000000)
  object space 76800K, 76% used [0x00000000a0000000,0x00000000a399b358,0x00000000a4b00000)
 Metaspace       used 60563K, capacity 62288K, committed 62552K, reserved 1103872K
  class space    used 8038K, capacity 8490K, committed 8576K, reserved 1048576K
}
Event: 57.986 GC heap before
{Heap before GC invocations=16 (full 4):
 PSYoungGen      total 304128K, used 20448K [0x00000000e0000000, 0x00000000f5c80000, 0x0000000100000000)
  eden space 283648K, 0% used [0x00000000e0000000,0x00000000e0000000,0x00000000f1500000)
  from space 20480K, 99% used [0x00000000f3400000,0x00000000f47f80e0,0x00000000f4800000)
  to   space 31744K, 0% used [0x00000000f1500000,0x00000000f1500000,0x00000000f3400000)
 ParOldGen       total 76800K, used 58988K [0x00000000a0000000, 0x00000000a4b00000, 0x00000000e0000000)
  object space 76800K, 76% used [0x00000000a0000000,0x00000000a399b358,0x00000000a4b00000)
 Metaspace       used 60563K, capacity 62288K, committed 62552K, reserved 1103872K
  class space    used 8038K, capacity 8490K, committed 8576K, reserved 1048576K
Event: 59.022 GC heap after
Heap after GC invocations=16 (full 4):
 PSYoungGen      total 304128K, used 477K [0x00000000e0000000, 0x00000000f5c80000, 0x0000000100000000)
  eden space 283648K, 0% used [0x00000000e0000000,0x00000000e0000000,0x00000000f1500000)
  from space 20480K, 2% used [0x00000000f3400000,0x00000000f3477690,0x00000000f4800000)
  to   space 31744K, 0% used [0x00000000f1500000,0x00000000f1500000,0x00000000f3400000)
 ParOldGen       total 131584K, used 76795K [0x00000000a0000000, 0x00000000a8080000, 0x00000000e0000000)
  object space 131584K, 58% used [0x00000000a0000000,0x00000000a4afee58,0x00000000a8080000)
 Metaspace       used 60563K, capacity 62288K, committed 62552K, reserved 1103872K
  class space    used 8038K, capacity 8490K, committed 8576K, reserved 1048576K
}
Event: 72.697 GC heap before
{Heap before GC invocations=17 (full 4):
 PSYoungGen      total 304128K, used 275624K [0x00000000e0000000, 0x00000000f5c80000, 0x0000000100000000)
  eden space 283648K, 97% used [0x00000000e0000000,0x00000000f0cb2cf0,0x00000000f1500000)
  from space 20480K, 2% used [0x00000000f3400000,0x00000000f3477690,0x00000000f4800000)
  to   space 31744K, 0% used [0x00000000f1500000,0x00000000f1500000,0x00000000f3400000)
 ParOldGen       total 131584K, used 76795K [0x00000000a0000000, 0x00000000a8080000, 0x00000000e0000000)
  object space 131584K, 58% used [0x00000000a0000000,0x00000000a4afee58,0x00000000a8080000)
 Metaspace       used 66681K, capacity 68690K, committed 68824K, reserved 1110016K
  class space    used 8659K, capacity 9169K, committed 9216K, reserved 1048576K
Event: 72.772 GC heap after
Heap after GC invocations=17 (full 4):
 PSYoungGen      total 315392K, used 20577K [0x00000000e0000000, 0x00000000f8a80000, 0x0000000100000000)
  eden space 283648K, 0% used [0x00000000e0000000,0x00000000e0000000,0x00000000f1500000)
  from space 31744K, 64% used [0x00000000f1500000,0x00000000f2918628,0x00000000f3400000)
  to   space 32768K, 0% used [0x00000000f6a80000,0x00000000f6a80000,0x00000000f8a80000)
 ParOldGen       total 131584K, used 77292K [0x00000000a0000000, 0x00000000a8080000, 0x00000000e0000000)
  object space 131584K, 58% used [0x00000000a0000000,0x00000000a4b7b260,0x00000000a8080000)
 Metaspace       used 66681K, capacity 68690K, committed 68824K, reserved 1110016K
  class space    used 8659K, capacity 9169K, committed 9216K, reserved 1048576K
}
Event: 286.188 GC heap before
{Heap before GC invocations=18 (full 4):
 PSYoungGen      total 315392K, used 304225K [0x00000000e0000000, 0x00000000f8a80000, 0x0000000100000000)
  eden space 283648K, 100% used [0x00000000e0000000,0x00000000f1500000,0x00000000f1500000)
  from space 31744K, 64% used [0x00000000f1500000,0x00000000f2918628,0x00000000f3400000)
  to   space 32768K, 0% used [0x00000000f6a80000,0x00000000f6a80000,0x00000000f8a80000)
 ParOldGen       total 131584K, used 77292K [0x00000000a0000000, 0x00000000a8080000, 0x00000000e0000000)
  object space 131584K, 58% used [0x00000000a0000000,0x00000000a4b7b260,0x00000000a8080000)
 Metaspace       used 71027K, capacity 73544K, committed 73688K, reserved 1114112K
  class space    used 9134K, capacity 9670K, committed 9728K, reserved 1048576K
Event: 286.303 GC heap after
Heap after GC invocations=18 (full 4):
 PSYoungGen      total 349696K, used 13989K [0x00000000e0000000, 0x00000000f7f00000, 0x0000000100000000)
  eden space 328704K, 0% used [0x00000000e0000000,0x00000000e0000000,0x00000000f4100000)
  from space 20992K, 66% used [0x00000000f6a80000,0x00000000f78297d8,0x00000000f7f00000)
  to   space 31744K, 0% used [0x00000000f4100000,0x00000000f4100000,0x00000000f6000000)
 ParOldGen       total 131584K, used 77300K [0x00000000a0000000, 0x00000000a8080000, 0x00000000e0000000)
  object space 131584K, 58% used [0x00000000a0000000,0x00000000a4b7d260,0x00000000a8080000)
 Metaspace       used 71027K, capacity 73544K, committed 73688K, reserved 1114112K
  class space    used 9134K, capacity 9670K, committed 9728K, reserved 1048576K
}
Event: 298.557 GC heap before
{Heap before GC invocations=19 (full 4):
 PSYoungGen      total 349696K, used 341658K [0x00000000e0000000, 0x00000000f7f00000, 0x0000000100000000)
  eden space 328704K, 99% used [0x00000000e0000000,0x00000000f3ffd290,0x00000000f4100000)
  from space 20992K, 66% used [0x00000000f6a80000,0x00000000f78297d8,0x00000000f7f00000)
  to   space 31744K, 0% used [0x00000000f4100000,0x00000000f4100000,0x00000000f6000000)
 ParOldGen       total 131584K, used 77300K [0x00000000a0000000, 0x00000000a8080000, 0x00000000e0000000)
  object space 131584K, 58% used [0x00000000a0000000,0x00000000a4b7d260,0x00000000a8080000)
 Metaspace       used 71739K, capacity 74372K, committed 74456K, reserved 1114112K
  class space    used 9153K, capacity 9700K, committed 9728K, reserved 1048576K

