# JRE version: OpenJDK Runtime Environment (8.0_202) (build 1.8.0_202-release-1483-b49-5587405)
# Java VM: OpenJDK 64-Bit Server VM (25.202-b49-5587405 mixed mode linux-amd64 compressed oops)
Heap:
 PSYoungGen      total 395264K, used 5090K [0x00000000e0000000, 0x0000000100000000, 0x0000000100000000)
  eden space 360960K, 0% used [0x00000000e0000000,0x00000000e0000000,0x00000000f6080000)
  from space 34304K, 14% used [0x00000000f6080000,0x00000000f6578b58,0x00000000f8200000)
  to   space 69120K, 0% used [0x00000000fbc80000,0x00000000fbc80000,0x0000000100000000)
 ParOldGen       total 158208K, used 158074K [0x00000000a0000000, 0x00000000a9a80000, 0x00000000e0000000)
  object space 158208K, 99% used [0x00000000a0000000,0x00000000a9a5eb98,0x00000000a9a80000)
 Metaspace       used 74883K, capacity 77774K, committed 78080K, reserved 1118208K
  class space    used 9551K, capacity 10174K, committed 10240K, reserved 1048576K
GC Heap History (10 events):
Event: 69.094 GC heap after
Heap after GC invocations=17 (full 3):
 PSYoungGen      total 317440K, used 10570K [0x00000000e0000000, 0x00000000f5400000, 0x0000000100000000)
  eden space 296960K, 0% used [0x00000000e0000000,0x00000000e0000000,0x00000000f2200000)
  from space 20480K, 51% used [0x00000000f4000000,0x00000000f4a52858,0x00000000f5400000)
  to   space 25600K, 0% used [0x00000000f2200000,0x00000000f2200000,0x00000000f3b00000)
 ParOldGen       total 93184K, used 70512K [0x00000000a0000000, 0x00000000a5b00000, 0x00000000e0000000)
  object space 93184K, 75% used [0x00000000a0000000,0x00000000a44dc088,0x00000000a5b00000)
 Metaspace       used 62794K, capacity 65288K, committed 65536K, reserved 1105920K
  class space    used 8321K, capacity 8899K, committed 8960K, reserved 1048576K
}
Event: 901.685 GC heap before
{Heap before GC invocations=18 (full 3):
 PSYoungGen      total 317440K, used 307530K [0x00000000e0000000, 0x00000000f5400000, 0x0000000100000000)
  eden space 296960K, 100% used [0x00000000e0000000,0x00000000f2200000,0x00000000f2200000)
  from space 20480K, 51% used [0x00000000f4000000,0x00000000f4a52858,0x00000000f5400000)
  to   space 25600K, 0% used [0x00000000f2200000,0x00000000f2200000,0x00000000f3b00000)
 ParOldGen       total 93184K, used 70512K [0x00000000a0000000, 0x00000000a5b00000, 0x00000000e0000000)
  object space 93184K, 75% used [0x00000000a0000000,0x00000000a44dc088,0x00000000a5b00000)
 Metaspace       used 64585K, capacity 67166K, committed 67200K, reserved 1107968K
  class space    used 8485K, capacity 9058K, committed 9088K, reserved 1048576K
Event: 901.973 GC heap after
Heap after GC invocations=18 (full 3):
 PSYoungGen      total 322560K, used 25580K [0x00000000e0000000, 0x00000000fa400000, 0x0000000100000000)
  eden space 296960K, 0% used [0x00000000e0000000,0x00000000e0000000,0x00000000f2200000)
  from space 25600K, 99% used [0x00000000f2200000,0x00000000f3afb358,0x00000000f3b00000)
  to   space 34816K, 0% used [0x00000000f8200000,0x00000000f8200000,0x00000000fa400000)
 ParOldGen       total 93184K, used 84244K [0x00000000a0000000, 0x00000000a5b00000, 0x00000000e0000000)
  object space 93184K, 90% used [0x00000000a0000000,0x00000000a52450e8,0x00000000a5b00000)
 Metaspace       used 64585K, capacity 67166K, committed 67200K, reserved 1107968K
  class space    used 8485K, capacity 9058K, committed 9088K, reserved 1048576K
}
Event: 901.973 GC heap before
{Heap before GC invocations=19 (full 4):
 PSYoungGen      total 322560K, used 25580K [0x00000000e0000000, 0x00000000fa400000, 0x0000000100000000)
  eden space 296960K, 0% used [0x00000000e0000000,0x00000000e0000000,0x00000000f2200000)
  from space 25600K, 99% used [0x00000000f2200000,0x00000000f3afb358,0x00000000f3b00000)
  to   space 34816K, 0% used [0x00000000f8200000,0x00000000f8200000,0x00000000fa400000)
 ParOldGen       total 93184K, used 84244K [0x00000000a0000000, 0x00000000a5b00000, 0x00000000e0000000)
  object space 93184K, 90% used [0x00000000a0000000,0x00000000a52450e8,0x00000000a5b00000)
 Metaspace       used 64585K, capacity 67166K, committed 67200K, reserved 1107968K
  class space    used 8485K, capacity 9058K, committed 9088K, reserved 1048576K
Event: 902.651 GC heap after
Heap after GC invocations=19 (full 4):
 PSYoungGen      total 322560K, used 0K [0x00000000e0000000, 0x00000000fa400000, 0x0000000100000000)
  eden space 296960K, 0% used [0x00000000e0000000,0x00000000e0000000,0x00000000f2200000)
  from space 25600K, 0% used [0x00000000f2200000,0x00000000f2200000,0x00000000f3b00000)
  to   space 34816K, 0% used [0x00000000f8200000,0x00000000f8200000,0x00000000fa400000)
 ParOldGen       total 142848K, used 77770K [0x00000000a0000000, 0x00000000a8b80000, 0x00000000e0000000)
  object space 142848K, 54% used [0x00000000a0000000,0x00000000a4bf2aa8,0x00000000a8b80000)
 Metaspace       used 64585K, capacity 67166K, committed 67200K, reserved 1107968K
  class space    used 8485K, capacity 9058K, committed 9088K, reserved 1048576K
}
Event: 918.278 GC heap before
{Heap before GC invocations=20 (full 4):
 PSYoungGen      total 322560K, used 296960K [0x00000000e0000000, 0x00000000fa400000, 0x0000000100000000)
  eden space 296960K, 100% used [0x00000000e0000000,0x00000000f2200000,0x00000000f2200000)
  from space 25600K, 0% used [0x00000000f2200000,0x00000000f2200000,0x00000000f3b00000)
  to   space 34816K, 0% used [0x00000000f8200000,0x00000000f8200000,0x00000000fa400000)
 ParOldGen       total 142848K, used 77770K [0x00000000a0000000, 0x00000000a8b80000, 0x00000000e0000000)
  object space 142848K, 54% used [0x00000000a0000000,0x00000000a4bf2aa8,0x00000000a8b80000)
 Metaspace       used 70650K, capacity 73422K, committed 73472K, reserved 1114112K
  class space    used 9129K, capacity 9720K, committed 9728K, reserved 1048576K
Event: 918.398 GC heap after
Heap after GC invocations=20 (full 4):
 PSYoungGen      total 395776K, used 17817K [0x00000000e0000000, 0x00000000fa900000, 0x0000000100000000)
  eden space 360960K, 0% used [0x00000000e0000000,0x00000000e0000000,0x00000000f6080000)
  from space 34816K, 51% used [0x00000000f8200000,0x00000000f9366618,0x00000000fa400000)
  to   space 34304K, 0% used [0x00000000f6080000,0x00000000f6080000,0x00000000f8200000)
 ParOldGen       total 142848K, used 77786K [0x00000000a0000000, 0x00000000a8b80000, 0x00000000e0000000)
  object space 142848K, 54% used [0x00000000a0000000,0x00000000a4bf6aa8,0x00000000a8b80000)
 Metaspace       used 70650K, capacity 73422K, committed 73472K, reserved 1114112K
  class space    used 9129K, capacity 9720K, committed 9728K, reserved 1048576K
}
Event: 929.419 GC heap before
{Heap before GC invocations=21 (full 4):
 PSYoungGen      total 395776K, used 378777K [0x00000000e0000000, 0x00000000fa900000, 0x0000000100000000)
  eden space 360960K, 100% used [0x00000000e0000000,0x00000000f6080000,0x00000000f6080000)
  from space 34816K, 51% used [0x00000000f8200000,0x00000000f9366618,0x00000000fa400000)
  to   space 34304K, 0% used [0x00000000f6080000,0x00000000f6080000,0x00000000f8200000)
 ParOldGen       total 142848K, used 77786K [0x00000000a0000000, 0x00000000a8b80000, 0x00000000e0000000)
  object space 142848K, 54% used [0x00000000a0000000,0x00000000a4bf6aa8,0x00000000a8b80000)
 Metaspace       used 74891K, capacity 77796K, committed 78080K, reserved 1118208K
  class space    used 9554K, capacity 10179K, committed 10240K, reserved 1048576K
Event: 929.787 GC heap after
Heap after GC invocations=21 (full 4):
 PSYoungGen      total 395264K, used 34284K [0x00000000e0000000, 0x0000000100000000, 0x0000000100000000)
  eden space 360960K, 0% used [0x00000000e0000000,0x00000000e0000000,0x00000000f6080000)
  from space 34304K, 99% used [0x00000000f6080000,0x00000000f81fb158,0x00000000f8200000)
  to   space 69120K, 0% used [0x00000000fbc80000,0x00000000fbc80000,0x0000000100000000)
 ParOldGen       total 158208K, used 158016K [0x00000000a0000000, 0x00000000a9a80000, 0x00000000e0000000)
  object space 158208K, 99% used [0x00000000a0000000,0x00000000a9a50108,0x00000000a9a80000)
 Metaspace       used 74891K, capacity 77796K, committed 78080K, reserved 1118208K
  class space    used 9554K, capacity 10179K, committed 10240K, reserved 1048576K
}
Event: 929.787 GC heap before
{Heap before GC invocations=22 (full 5):
 PSYoungGen      total 395264K, used 34284K [0x00000000e0000000, 0x0000000100000000, 0x0000000100000000)
  eden space 360960K, 0% used [0x00000000e0000000,0x00000000e0000000,0x00000000f6080000)
  from space 34304K, 99% used [0x00000000f6080000,0x00000000f81fb158,0x00000000f8200000)
  to   space 69120K, 0% used [0x00000000fbc80000,0x00000000fbc80000,0x0000000100000000)
 ParOldGen       total 158208K, used 158016K [0x00000000a0000000, 0x00000000a9a80000, 0x00000000e0000000)
  object space 158208K, 99% used [0x00000000a0000000,0x00000000a9a50108,0x00000000a9a80000)
 Metaspace       used 74891K, capacity 77796K, committed 78080K, reserved 1118208K
  class space    used 9554K, capacity 10179K, committed 10240K, reserved 1048576K

