# JRE version: OpenJDK Runtime Environment (8.0_202) (build 1.8.0_202-release-1483-b49-5587405)
# Java VM: OpenJDK 64-Bit Server VM (25.202-b49-5587405 mixed mode linux-amd64 compressed oops)
Heap:
 PSYoungGen      total 107520K, used 9188K [0x00000000e0000000, 0x00000000e7200000, 0x0000000100000000)
  eden space 98304K, 0% used [0x00000000e0000000,0x00000000e0000000,0x00000000e6000000)
  from space 9216K, 99% used [0x00000000e6000000,0x00000000e68f9070,0x00000000e6900000)
  to   space 9216K, 0% used [0x00000000e6900000,0x00000000e6900000,0x00000000e7200000)
 ParOldGen       total 34816K, used 10459K [0x00000000a0000000, 0x00000000a2200000, 0x00000000e0000000)
  object space 34816K, 30% used [0x00000000a0000000,0x00000000a0a36ed8,0x00000000a2200000)
 Metaspace       used 27917K, capacity 28348K, committed 28672K, reserved 1073152K
  class space    used 3896K, capacity 4049K, committed 4096K, reserved 1048576K
GC Heap History (10 events):
Event: 4.089 GC heap after
Heap after GC invocations=3 (full 0):
 PSYoungGen      total 26112K, used 1520K [0x00000000e0000000, 0x00000000e3300000, 0x0000000100000000)
  eden space 24576K, 0% used [0x00000000e0000000,0x00000000e0000000,0x00000000e1800000)
  from space 1536K, 98% used [0x00000000e1800000,0x00000000e197c010,0x00000000e1980000)
  to   space 1536K, 0% used [0x00000000e3180000,0x00000000e3180000,0x00000000e3300000)
 ParOldGen       total 31744K, used 3911K [0x00000000a0000000, 0x00000000a1f00000, 0x00000000e0000000)
  object space 31744K, 12% used [0x00000000a0000000,0x00000000a03d1d40,0x00000000a1f00000)
 Metaspace       used 8918K, capacity 9156K, committed 9216K, reserved 1056768K
  class space    used 1167K, capacity 1262K, committed 1280K, reserved 1048576K
}
Event: 5.648 GC heap before
{Heap before GC invocations=4 (full 0):
 PSYoungGen      total 26112K, used 26096K [0x00000000e0000000, 0x00000000e3300000, 0x0000000100000000)
  eden space 24576K, 100% used [0x00000000e0000000,0x00000000e1800000,0x00000000e1800000)
  from space 1536K, 98% used [0x00000000e1800000,0x00000000e197c010,0x00000000e1980000)
  to   space 1536K, 0% used [0x00000000e3180000,0x00000000e3180000,0x00000000e3300000)
 ParOldGen       total 31744K, used 3911K [0x00000000a0000000, 0x00000000a1f00000, 0x00000000e0000000)
  object space 31744K, 12% used [0x00000000a0000000,0x00000000a03d1d40,0x00000000a1f00000)
 Metaspace       used 12494K, capacity 12814K, committed 13184K, reserved 1060864K
  class space    used 1736K, capacity 1833K, committed 1920K, reserved 1048576K
Event: 5.670 GC heap after
Heap after GC invocations=4 (full 0):
 PSYoungGen      total 50688K, used 1520K [0x00000000e0000000, 0x00000000e3300000, 0x0000000100000000)
  eden space 49152K, 0% used [0x00000000e0000000,0x00000000e0000000,0x00000000e3000000)
  from space 1536K, 98% used [0x00000000e3180000,0x00000000e32fc020,0x00000000e3300000)
  to   space 1536K, 0% used [0x00000000e3000000,0x00000000e3000000,0x00000000e3180000)
 ParOldGen       total 31744K, used 7239K [0x00000000a0000000, 0x00000000a1f00000, 0x00000000e0000000)
  object space 31744K, 22% used [0x00000000a0000000,0x00000000a0711fc8,0x00000000a1f00000)
 Metaspace       used 12494K, capacity 12814K, committed 13184K, reserved 1060864K
  class space    used 1736K, capacity 1833K, committed 1920K, reserved 1048576K
}
Event: 10.087 GC heap before
{Heap before GC invocations=5 (full 0):
 PSYoungGen      total 50688K, used 50672K [0x00000000e0000000, 0x00000000e3300000, 0x0000000100000000)
  eden space 49152K, 100% used [0x00000000e0000000,0x00000000e3000000,0x00000000e3000000)
  from space 1536K, 98% used [0x00000000e3180000,0x00000000e32fc020,0x00000000e3300000)
  to   space 1536K, 0% used [0x00000000e3000000,0x00000000e3000000,0x00000000e3180000)
 ParOldGen       total 31744K, used 7239K [0x00000000a0000000, 0x00000000a1f00000, 0x00000000e0000000)
  object space 31744K, 22% used [0x00000000a0000000,0x00000000a0711fc8,0x00000000a1f00000)
 Metaspace       used 20052K, capacity 20456K, committed 20608K, reserved 1067008K
  class space    used 2784K, capacity 2940K, committed 2944K, reserved 1048576K
Event: 10.123 GC heap after
Heap after GC invocations=5 (full 0):
 PSYoungGen      total 50688K, used 1504K [0x00000000e0000000, 0x00000000e7200000, 0x0000000100000000)
  eden space 49152K, 0% used [0x00000000e0000000,0x00000000e0000000,0x00000000e3000000)
  from space 1536K, 97% used [0x00000000e3000000,0x00000000e3178010,0x00000000e3180000)
  to   space 9216K, 0% used [0x00000000e6900000,0x00000000e6900000,0x00000000e7200000)
 ParOldGen       total 31744K, used 14964K [0x00000000a0000000, 0x00000000a1f00000, 0x00000000e0000000)
  object space 31744K, 47% used [0x00000000a0000000,0x00000000a0e9d2b0,0x00000000a1f00000)
 Metaspace       used 20052K, capacity 20456K, committed 20608K, reserved 1067008K
  class space    used 2784K, capacity 2940K, committed 2944K, reserved 1048576K
}
Event: 10.534 GC heap before
{Heap before GC invocations=6 (full 0):
 PSYoungGen      total 50688K, used 5288K [0x00000000e0000000, 0x00000000e7200000, 0x0000000100000000)
  eden space 49152K, 7% used [0x00000000e0000000,0x00000000e03b21b0,0x00000000e3000000)
  from space 1536K, 97% used [0x00000000e3000000,0x00000000e3178010,0x00000000e3180000)
  to   space 9216K, 0% used [0x00000000e6900000,0x00000000e6900000,0x00000000e7200000)
 ParOldGen       total 31744K, used 14964K [0x00000000a0000000, 0x00000000a1f00000, 0x00000000e0000000)
  object space 31744K, 47% used [0x00000000a0000000,0x00000000a0e9d2b0,0x00000000a1f00000)
 Metaspace       used 20630K, capacity 21064K, committed 21248K, reserved 1067008K
  class space    used 2863K, capacity 3036K, committed 3072K, reserved 1048576K
Event: 10.554 GC heap after
Heap after GC invocations=6 (full 0):
 PSYoungGen      total 107520K, used 2067K [0x00000000e0000000, 0x00000000e7200000, 0x0000000100000000)
  eden space 98304K, 0% used [0x00000000e0000000,0x00000000e0000000,0x00000000e6000000)
  from space 9216K, 22% used [0x00000000e6900000,0x00000000e6b04e70,0x00000000e7200000)
  to   space 9216K, 0% used [0x00000000e6000000,0x00000000e6000000,0x00000000e6900000)
 ParOldGen       total 31744K, used 14964K [0x00000000a0000000, 0x00000000a1f00000, 0x00000000e0000000)
  object space 31744K, 47% used [0x00000000a0000000,0x00000000a0e9d2b0,0x00000000a1f00000)
 Metaspace       used 20630K, capacity 21064K, committed 21248K, reserved 1067008K
  class space    used 2863K, capacity 3036K, committed 3072K, reserved 1048576K
}
Event: 10.554 GC heap before
{Heap before GC invocations=7 (full 1):
 PSYoungGen      total 107520K, used 2067K [0x00000000e0000000, 0x00000000e7200000, 0x0000000100000000)
  eden space 98304K, 0% used [0x00000000e0000000,0x00000000e0000000,0x00000000e6000000)
  from space 9216K, 22% used [0x00000000e6900000,0x00000000e6b04e70,0x00000000e7200000)
  to   space 9216K, 0% used [0x00000000e6000000,0x00000000e6000000,0x00000000e6900000)
 ParOldGen       total 31744K, used 14964K [0x00000000a0000000, 0x00000000a1f00000, 0x00000000e0000000)
  object space 31744K, 47% used [0x00000000a0000000,0x00000000a0e9d2b0,0x00000000a1f00000)
 Metaspace       used 20630K, capacity 21064K, committed 21248K, reserved 1067008K
  class space    used 2863K, capacity 3036K, committed 3072K, reserved 1048576K
Event: 10.699 GC heap after
Heap after GC invocations=7 (full 1):
 PSYoungGen      total 107520K, used 0K [0x00000000e0000000, 0x00000000e7200000, 0x0000000100000000)
  eden space 98304K, 0% used [0x00000000e0000000,0x00000000e0000000,0x00000000e6000000)
  from space 9216K, 0% used [0x00000000e6900000,0x00000000e6900000,0x00000000e7200000)
  to   space 9216K, 0% used [0x00000000e6000000,0x00000000e6000000,0x00000000e6900000)
 ParOldGen       total 34816K, used 10236K [0x00000000a0000000, 0x00000000a2200000, 0x00000000e0000000)
  object space 34816K, 29% used [0x00000000a0000000,0x00000000a09ff1d8,0x00000000a2200000)
 Metaspace       used 20630K, capacity 21064K, committed 21248K, reserved 1067008K
  class space    used 2863K, capacity 3036K, committed 3072K, reserved 1048576K
}
Event: 16.788 GC heap before
{Heap before GC invocations=8 (full 1):
 PSYoungGen      total 107520K, used 98304K [0x00000000e0000000, 0x00000000e7200000, 0x0000000100000000)
  eden space 98304K, 100% used [0x00000000e0000000,0x00000000e6000000,0x00000000e6000000)
  from space 9216K, 0% used [0x00000000e6900000,0x00000000e6900000,0x00000000e7200000)
  to   space 9216K, 0% used [0x00000000e6000000,0x00000000e6000000,0x00000000e6900000)
 ParOldGen       total 34816K, used 10236K [0x00000000a0000000, 0x00000000a2200000, 0x00000000e0000000)
  object space 34816K, 29% used [0x00000000a0000000,0x00000000a09ff1d8,0x00000000a2200000)
 Metaspace       used 27917K, capacity 28348K, committed 28672K, reserved 1073152K
  class space    used 3896K, capacity 4049K, committed 4096K, reserved 1048576K

