# JRE version: OpenJDK Runtime Environment (8.0_202) (build 1.8.0_202-release-1483-b49-5587405)
# Java VM: OpenJDK 64-Bit Server VM (25.202-b49-5587405 mixed mode linux-amd64 compressed oops)
Heap:
 PSYoungGen      total 136704K, used 12772K [0x00000000e0000000, 0x00000000eba00000, 0x0000000100000000)
  eden space 123904K, 0% used [0x00000000e0000000,0x00000000e0000000,0x00000000e7900000)
  from space 12800K, 99% used [0x00000000ead80000,0x00000000eb9f92c8,0x00000000eba00000)
  to   space 12288K, 0% used [0x00000000e7900000,0x00000000e7900000,0x00000000e8500000)
 ParOldGen       total 64512K, used 17893K [0x00000000a0000000, 0x00000000a3f00000, 0x00000000e0000000)
  object space 64512K, 27% used [0x00000000a0000000,0x00000000a11796b8,0x00000000a3f00000)
 Metaspace       used 42212K, capacity 43120K, committed 43392K, reserved 1087488K
  class space    used 5739K, capacity 5995K, committed 6016K, reserved 1048576K
GC Heap History (10 events):
Event: 12.557 GC heap after
Heap after GC invocations=7 (full 1):
 PSYoungGen      total 90112K, used 0K [0x00000000e0000000, 0x00000000e6200000, 0x0000000100000000)
  eden space 81408K, 0% used [0x00000000e0000000,0x00000000e0000000,0x00000000e4f80000)
  from space 8704K, 0% used [0x00000000e5880000,0x00000000e5880000,0x00000000e6100000)
  to   space 9216K, 0% used [0x00000000e4f80000,0x00000000e4f80000,0x00000000e5880000)
 ParOldGen       total 46592K, used 12235K [0x00000000a0000000, 0x00000000a2d80000, 0x00000000e0000000)
  object space 46592K, 26% used [0x00000000a0000000,0x00000000a0bf2ec0,0x00000000a2d80000)
 Metaspace       used 20720K, capacity 21094K, committed 21248K, reserved 1067008K
  class space    used 2924K, capacity 3042K, committed 3072K, reserved 1048576K
}
Event: 16.226 GC heap before
{Heap before GC invocations=8 (full 1):
 PSYoungGen      total 90112K, used 81408K [0x00000000e0000000, 0x00000000e6200000, 0x0000000100000000)
  eden space 81408K, 100% used [0x00000000e0000000,0x00000000e4f80000,0x00000000e4f80000)
  from space 8704K, 0% used [0x00000000e5880000,0x00000000e5880000,0x00000000e6100000)
  to   space 9216K, 0% used [0x00000000e4f80000,0x00000000e4f80000,0x00000000e5880000)
 ParOldGen       total 46592K, used 12235K [0x00000000a0000000, 0x00000000a2d80000, 0x00000000e0000000)
  object space 46592K, 26% used [0x00000000a0000000,0x00000000a0bf2ec0,0x00000000a2d80000)
 Metaspace       used 27089K, capacity 27682K, committed 28032K, reserved 1073152K
  class space    used 3729K, capacity 3907K, committed 3968K, reserved 1048576K
Event: 16.265 GC heap after
Heap after GC invocations=8 (full 1):
 PSYoungGen      total 90624K, used 7889K [0x00000000e0000000, 0x00000000e9080000, 0x0000000100000000)
  eden space 81408K, 0% used [0x00000000e0000000,0x00000000e0000000,0x00000000e4f80000)
  from space 9216K, 85% used [0x00000000e4f80000,0x00000000e5734408,0x00000000e5880000)
  to   space 10240K, 0% used [0x00000000e8680000,0x00000000e8680000,0x00000000e9080000)
 ParOldGen       total 46592K, used 12243K [0x00000000a0000000, 0x00000000a2d80000, 0x00000000e0000000)
  object space 46592K, 26% used [0x00000000a0000000,0x00000000a0bf4ec0,0x00000000a2d80000)
 Metaspace       used 27089K, capacity 27682K, committed 28032K, reserved 1073152K
  class space    used 3729K, capacity 3907K, committed 3968K, reserved 1048576K
}
Event: 20.865 GC heap before
{Heap before GC invocations=9 (full 1):
 PSYoungGen      total 90624K, used 89297K [0x00000000e0000000, 0x00000000e9080000, 0x0000000100000000)
  eden space 81408K, 100% used [0x00000000e0000000,0x00000000e4f80000,0x00000000e4f80000)
  from space 9216K, 85% used [0x00000000e4f80000,0x00000000e5734408,0x00000000e5880000)
  to   space 10240K, 0% used [0x00000000e8680000,0x00000000e8680000,0x00000000e9080000)
 ParOldGen       total 46592K, used 12243K [0x00000000a0000000, 0x00000000a2d80000, 0x00000000e0000000)
  object space 46592K, 26% used [0x00000000a0000000,0x00000000a0bf4ec0,0x00000000a2d80000)
 Metaspace       used 31578K, capacity 32152K, committed 32384K, reserved 1077248K
  class space    used 4454K, capacity 4629K, committed 4736K, reserved 1048576K
Event: 20.892 GC heap after
Heap after GC invocations=9 (full 1):
 PSYoungGen      total 134144K, used 10222K [0x00000000e0000000, 0x00000000e9100000, 0x0000000100000000)
  eden space 123904K, 0% used [0x00000000e0000000,0x00000000e0000000,0x00000000e7900000)
  from space 10240K, 99% used [0x00000000e8680000,0x00000000e907b938,0x00000000e9080000)
  to   space 12288K, 0% used [0x00000000e7900000,0x00000000e7900000,0x00000000e8500000)
 ParOldGen       total 46592K, used 13762K [0x00000000a0000000, 0x00000000a2d80000, 0x00000000e0000000)
  object space 46592K, 29% used [0x00000000a0000000,0x00000000a0d70bf8,0x00000000a2d80000)
 Metaspace       used 31578K, capacity 32152K, committed 32384K, reserved 1077248K
  class space    used 4454K, capacity 4629K, committed 4736K, reserved 1048576K
}
Event: 21.965 GC heap before
{Heap before GC invocations=10 (full 1):
 PSYoungGen      total 134144K, used 25644K [0x00000000e0000000, 0x00000000e9100000, 0x0000000100000000)
  eden space 123904K, 12% used [0x00000000e0000000,0x00000000e0f0f8b8,0x00000000e7900000)
  from space 10240K, 99% used [0x00000000e8680000,0x00000000e907b938,0x00000000e9080000)
  to   space 12288K, 0% used [0x00000000e7900000,0x00000000e7900000,0x00000000e8500000)
 ParOldGen       total 46592K, used 13762K [0x00000000a0000000, 0x00000000a2d80000, 0x00000000e0000000)
  object space 46592K, 29% used [0x00000000a0000000,0x00000000a0d70bf8,0x00000000a2d80000)
 Metaspace       used 34610K, capacity 35210K, committed 35416K, reserved 1079296K
  class space    used 4859K, capacity 5053K, committed 5120K, reserved 1048576K
Event: 21.991 GC heap after
Heap after GC invocations=10 (full 1):
 PSYoungGen      total 136192K, used 9616K [0x00000000e0000000, 0x00000000eba00000, 0x0000000100000000)
  eden space 123904K, 0% used [0x00000000e0000000,0x00000000e0000000,0x00000000e7900000)
  from space 12288K, 78% used [0x00000000e7900000,0x00000000e8264348,0x00000000e8500000)
  to   space 12800K, 0% used [0x00000000ead80000,0x00000000ead80000,0x00000000eba00000)
 ParOldGen       total 46592K, used 13770K [0x00000000a0000000, 0x00000000a2d80000, 0x00000000e0000000)
  object space 46592K, 29% used [0x00000000a0000000,0x00000000a0d72bf8,0x00000000a2d80000)
 Metaspace       used 34610K, capacity 35210K, committed 35416K, reserved 1079296K
  class space    used 4859K, capacity 5053K, committed 5120K, reserved 1048576K
}
Event: 21.991 GC heap before
{Heap before GC invocations=11 (full 2):
 PSYoungGen      total 136192K, used 9616K [0x00000000e0000000, 0x00000000eba00000, 0x0000000100000000)
  eden space 123904K, 0% used [0x00000000e0000000,0x00000000e0000000,0x00000000e7900000)
  from space 12288K, 78% used [0x00000000e7900000,0x00000000e8264348,0x00000000e8500000)
  to   space 12800K, 0% used [0x00000000ead80000,0x00000000ead80000,0x00000000eba00000)
 ParOldGen       total 46592K, used 13770K [0x00000000a0000000, 0x00000000a2d80000, 0x00000000e0000000)
  object space 46592K, 29% used [0x00000000a0000000,0x00000000a0d72bf8,0x00000000a2d80000)
 Metaspace       used 34610K, capacity 35210K, committed 35416K, reserved 1079296K
  class space    used 4859K, capacity 5053K, committed 5120K, reserved 1048576K
Event: 22.173 GC heap after
Heap after GC invocations=11 (full 2):
 PSYoungGen      total 136192K, used 0K [0x00000000e0000000, 0x00000000eba00000, 0x0000000100000000)
  eden space 123904K, 0% used [0x00000000e0000000,0x00000000e0000000,0x00000000e7900000)
  from space 12288K, 0% used [0x00000000e7900000,0x00000000e7900000,0x00000000e8500000)
  to   space 12800K, 0% used [0x00000000ead80000,0x00000000ead80000,0x00000000eba00000)
 ParOldGen       total 64512K, used 16215K [0x00000000a0000000, 0x00000000a3f00000, 0x00000000e0000000)
  object space 64512K, 25% used [0x00000000a0000000,0x00000000a0fd5d10,0x00000000a3f00000)
 Metaspace       used 34610K, capacity 35210K, committed 35416K, reserved 1079296K
  class space    used 4859K, capacity 5053K, committed 5120K, reserved 1048576K
}
Event: 29.242 GC heap before
{Heap before GC invocations=12 (full 2):
 PSYoungGen      total 136192K, used 123904K [0x00000000e0000000, 0x00000000eba00000, 0x0000000100000000)
  eden space 123904K, 100% used [0x00000000e0000000,0x00000000e7900000,0x00000000e7900000)
  from space 12288K, 0% used [0x00000000e7900000,0x00000000e7900000,0x00000000e8500000)
  to   space 12800K, 0% used [0x00000000ead80000,0x00000000ead80000,0x00000000eba00000)
 ParOldGen       total 64512K, used 16215K [0x00000000a0000000, 0x00000000a3f00000, 0x00000000e0000000)
  object space 64512K, 25% used [0x00000000a0000000,0x00000000a0fd5d10,0x00000000a3f00000)
 Metaspace       used 42212K, capacity 43120K, committed 43392K, reserved 1087488K
  class space    used 5739K, capacity 5995K, committed 6016K, reserved 1048576K

